{"name": "Search For Entry By Category", "status": "broken", "statusDetails": {"message": "selenium.common.exceptions.TimeoutException: Message: Cannot find amount_text\n\nStacktrace:\nNoSuchElementError: An element could not be located on the page using the given search parameters.\n    at AndroidUiautomator2Driver.findElOrEls (/Users/miowch/.appium/node_modules/appium-uiautomator2-driver/node_modules/appium-android-driver/lib/commands/find.ts:86:11)\n    at processTicksAndRejections (node:internal/process/task_queues:95:5)\n    at AndroidUiautomator2Driver.findElOrElsWithProcessing (/usr/local/lib/node_modules/appium/node_modules/@appium/base-driver/lib/basedriver/commands/find.ts:60:12)\n    at AndroidUiautomator2Driver.findElement (/usr/local/lib/node_modules/appium/node_modules/@appium/base-driver/lib/basedriver/commands/find.ts:75:12)", "trace": "self = <Task2.tests.test_search_entry.TestSearchEntry testMethod=test_search_by_category>\n\n    @allure.title(\"Search For Entry By Category\")\n    @allure.severity(allure.severity_level.CRITICAL)\n    def test_search_by_category(self):\n        food_category = 'Food'\n        search_query = 'Food'\n        self.dashboard_page_object.add_expense('16+4', food_category)\n        self.dashboard_page_object.assert_balance('-$20.00')\n    \n>       self.dashboard_page_object.add_expense(16, 'Clothes')\n\ntests/test_search_entry.py:24: \n_ _ _ _ _ _ _ _ _ _ _ _ _ _ _ _ _ _ _ _ _ _ _ _ _ _ _ _ _ _ _ _ _ _ _ _ _ _ _ _ _ _ _ _ _ _ _ _ _ _ _ _ _ _ _ _ _ _ _ _ _ _ _ _ _ _ _ _ _ _ _ _ _ _ _ _ _ _ _ _ _ _ _ _ _ _ _ _ _ _ _ _ _ _ _ _ _ _ _ _ _ _ _ _ _ _ _ _ _ _ _ _ _ _ _ _ _ _ _ _ _ _ _ _ _ _ _ _ _ _ _ _ _ _ _ _ _ _ _ _ _ _ _ _ _ _ _ _ _ _ _ _ _ _\nutils/ui/dashboard_page_object.py:33: in add_expense\n    self.wait_for_element_present(\nutils/ui/main_page_object.py:27: in wait_for_element_present\n    return wait.until(\n_ _ _ _ _ _ _ _ _ _ _ _ _ _ _ _ _ _ _ _ _ _ _ _ _ _ _ _ _ _ _ _ _ _ _ _ _ _ _ _ _ _ _ _ _ _ _ _ _ _ _ _ _ _ _ _ _ _ _ _ _ _ _ _ _ _ _ _ _ _ _ _ _ _ _ _ _ _ _ _ _ _ _ _ _ _ _ _ _ _ _ _ _ _ _ _ _ _ _ _ _ _ _ _ _ _ _ _ _ _ _ _ _ _ _ _ _ _ _ _ _ _ _ _ _ _ _ _ _ _ _ _ _ _ _ _ _ _ _ _ _ _ _ _ _ _ _ _ _ _ _ _ _ _\n\nself = <selenium.webdriver.support.wait.WebDriverWait (session=\"f70642c8-1949-48f6-8d7b-665247cfead0\")>, method = <function presence_of_element_located.<locals>._predicate at 0x10cc08d30>, message = 'Cannot find amount_text\\n'\n\n    def until(self, method: Callable[[D], Union[Literal[False], T]], message: str = \"\") -> T:\n        \"\"\"Wait until the method returns a value that is not False.\n    \n        Calls the method provided with the driver as an argument until the\n        return value does not evaluate to ``False``.\n    \n        Parameters:\n        -----------\n        method: callable(WebDriver)\n            - A callable object that takes a WebDriver instance as an argument.\n    \n        message: str\n            - Optional message for :exc:`TimeoutException`\n    \n        Return:\n        -------\n        object: T\n            - The result of the last call to `method`\n    \n        Raises:\n        -------\n        TimeoutException\n            - If 'method' does not return a truthy value within the WebDriverWait\n            object's timeout\n    \n        Example:\n        --------\n        >>> from selenium.webdriver.common.by import By\n        >>> from selenium.webdriver.support.ui import WebDriverWait\n        >>> from selenium.webdriver.support import expected_conditions as EC\n    \n        # Wait until an element is visible on the page\n        >>> wait = WebDriverWait(driver, 10)\n        >>> element = wait.until(EC.visibility_of_element_located((By.ID, \"exampleId\")))\n        >>> print(element.text)\n        \"\"\"\n        screen = None\n        stacktrace = None\n    \n        end_time = time.monotonic() + self._timeout\n        while True:\n            try:\n                value = method(self._driver)\n                if value:\n                    return value\n            except self._ignored_exceptions as exc:\n                screen = getattr(exc, \"screen\", None)\n                stacktrace = getattr(exc, \"stacktrace\", None)\n            if time.monotonic() > end_time:\n                break\n            time.sleep(self._poll)\n>       raise TimeoutException(message, screen, stacktrace)\nE       selenium.common.exceptions.TimeoutException: Message: Cannot find amount_text\nE       \nE       Stacktrace:\nE       NoSuchElementError: An element could not be located on the page using the given search parameters.\nE           at AndroidUiautomator2Driver.findElOrEls (/Users/miowch/.appium/node_modules/appium-uiautomator2-driver/node_modules/appium-android-driver/lib/commands/find.ts:86:11)\nE           at processTicksAndRejections (node:internal/process/task_queues:95:5)\nE           at AndroidUiautomator2Driver.findElOrElsWithProcessing (/usr/local/lib/node_modules/appium/node_modules/@appium/base-driver/lib/basedriver/commands/find.ts:60:12)\nE           at AndroidUiautomator2Driver.findElement (/usr/local/lib/node_modules/appium/node_modules/@appium/base-driver/lib/basedriver/commands/find.ts:75:12)\n\n../../../../.pyenv/versions/n26_nastia_kuzina/lib/python3.10/site-packages/selenium/webdriver/support/wait.py:146: TimeoutException"}, "steps": [{"name": "Run driver and session", "status": "passed", "steps": [{"name": "Go through welcome screens and close the offer", "status": "passed", "steps": [{"name": "Wait for image", "status": "passed", "start": 1744552395246, "stop": 1744552396167}, {"name": "Tap Continue", "status": "passed", "start": 1744552396167, "stop": 1744552396252}, {"name": "Wait for image", "status": "passed", "start": 1744552396252, "stop": 1744552396345}, {"name": "Tap Continue", "status": "passed", "start": 1744552396345, "stop": 1744552397051}, {"name": "Wait for image", "status": "passed", "start": 1744552397051, "stop": 1744552397078}, {"name": "Tap Continue", "status": "passed", "start": 1744552397078, "stop": 1744552397867}, {"name": "Wait for image", "status": "passed", "start": 1744552397867, "stop": 1744552397893}, {"name": "Tap Continue", "status": "passed", "start": 1744552397893, "stop": 1744552398668}, {"name": "Close the offer", "status": "passed", "start": 1744552398668, "stop": 1744552399969}], "start": 1744552395246, "stop": 1744552399969}], "start": 1744552388235, "stop": 1744552399969}, {"name": "Add expense", "status": "passed", "parameters": [{"name": "value", "value": "'16+4'"}, {"name": "category", "value": "'Food'"}, {"name": "note", "value": "None"}], "start": 1744552399969, "stop": 1744552408409}, {"name": "Check balance is correct", "status": "passed", "parameters": [{"name": "expected_balance", "value": "'-$20.00'"}], "start": 1744552408409, "stop": 1744552408759}, {"name": "Add expense", "status": "broken", "statusDetails": {"message": "selenium.common.exceptions.TimeoutException: Message: Cannot find amount_text\n\nStacktrace:\nNoSuchElementError: An element could not be located on the page using the given search parameters.\n    at AndroidUiautomator2Driver.findElOrEls (/Users/miowch/.appium/node_modules/appium-uiautomator2-driver/node_modules/appium-android-driver/lib/commands/find.ts:86:11)\n    at processTicksAndRejections (node:internal/process/task_queues:95:5)\n    at AndroidUiautomator2Driver.findElOrElsWithProcessing (/usr/local/lib/node_modules/appium/node_modules/@appium/base-driver/lib/basedriver/commands/find.ts:60:12)\n    at AndroidUiautomator2Driver.findElement (/usr/local/lib/node_modules/appium/node_modules/@appium/base-driver/lib/basedriver/commands/find.ts:75:12)\n", "trace": "  File \"/Users/miowch/.pyenv/versions/n26_nastia_kuzina/lib/python3.10/site-packages/allure_commons/_allure.py\", line 202, in impl\n    return func(*a, **kw)\n  File \"/Users/miowch/Documents/GitHub/nastia-kuzina/Task2/utils/ui/dashboard_page_object.py\", line 33, in add_expense\n    self.wait_for_element_present(\n  File \"/Users/miowch/Documents/GitHub/nastia-kuzina/Task2/utils/ui/main_page_object.py\", line 27, in wait_for_element_present\n    return wait.until(\n  File \"/Users/miowch/.pyenv/versions/n26_nastia_kuzina/lib/python3.10/site-packages/selenium/webdriver/support/wait.py\", line 146, in until\n    raise TimeoutException(message, screen, stacktrace)\n"}, "parameters": [{"name": "value", "value": "16"}, {"name": "category", "value": "'Clothes'"}, {"name": "note", "value": "None"}], "start": 1744552408760, "stop": 1744552414834}, {"name": "Remove driver and session", "status": "passed", "start": 1744552414840, "stop": 1744552415582}], "start": 1744552388235, "stop": 1744552415582, "uuid": "dcaf8465-45de-4f15-ab0f-f8f3b73c0120", "historyId": "2a856abfbd17b26ce3c265ee7742894b", "testCaseId": "2a856abfbd17b26ce3c265ee7742894b", "fullName": "tests.test_search_entry.TestSearchEntry#test_search_by_category", "labels": [{"name": "severity", "value": "critical"}, {"name": "parentSuite", "value": "tests"}, {"name": "suite", "value": "test_search_entry"}, {"name": "subSuite", "value": "TestSearchEntry"}, {"name": "host", "value": "iMac.local"}, {"name": "thread", "value": "17017-MainThread"}, {"name": "framework", "value": "pytest"}, {"name": "language", "value": "cpython3"}, {"name": "package", "value": "tests.test_search_entry"}]}